The target system is: Generic -  - BCM2835
The host system is: Linux - 5.10.16.3-microsoft-standard-WSL2 - x86_64
Compiling the CXX compiler identification source file "CMakeCXXCompilerId.cpp" succeeded.
Compiler: /usr/bin/arm-none-eabi-g++ 
Build flags: ;-O0;-g;-nostartfiles;-mfloat-abi=hard;-mfpu=vfp;-march=armv6zk;-mtune=arm1176jzf-s;-fno-exceptions;-fno-rtti;-O0;-g;-nostartfiles;-mfloat-abi=hard;-mfpu=vfp;-march=armv6zk;-mtune=arm1176jzf-s;-fno-exceptions;-fno-rtti
Id flags:  

The output was:
0
/usr/lib/gcc/arm-none-eabi/8.3.1/../../../arm-none-eabi/bin/ld: warning: cannot find entry symbol _start; defaulting to 0000000000008000


Compilation of the CXX compiler identification source "CMakeCXXCompilerId.cpp" produced "a.out"

The CXX compiler identification is GNU, found in "/home/hintik/dev/KIV-RTOS-master/sources/userspace/build/CMakeFiles/3.18.4/CompilerIdCXX/a.out"

Compiling the C compiler identification source file "CMakeCCompilerId.c" succeeded.
Compiler: /usr/bin/arm-none-eabi-gcc 
Build flags: ;-O0;-g;-nostartfiles;-mfloat-abi=hard;-mfpu=vfp;-march=armv6zk;-mtune=arm1176jzf-s;-O0;-g;-nostartfiles;-mfloat-abi=hard;-mfpu=vfp;-march=armv6zk;-mtune=arm1176jzf-s
Id flags:  

The output was:
0
/usr/lib/gcc/arm-none-eabi/8.3.1/../../../arm-none-eabi/bin/ld: warning: cannot find entry symbol _start; defaulting to 0000000000008000


Compilation of the C compiler identification source "CMakeCCompilerId.c" produced "a.out"

The C compiler identification is GNU, found in "/home/hintik/dev/KIV-RTOS-master/sources/userspace/build/CMakeFiles/3.18.4/CompilerIdC/a.out"

Checking whether the ASM compiler is GNU using "--version" matched "(GNU assembler)|(GCC)|(Free Software Foundation)":
arm-none-eabi-gcc (15:8-2019-q3-1+b1) 8.3.1 20190703 (release) [gcc-8-branch revision 273027]
Copyright (C) 2018 Free Software Foundation, Inc.
This is free software; see the source for copying conditions.  There is NO
warranty; not even for MERCHANTABILITY or FITNESS FOR A PARTICULAR PURPOSE.

Detecting CXX compiler ABI info compiled with the following output:
Change Dir: /home/hintik/dev/KIV-RTOS-master/sources/userspace/build/CMakeFiles/CMakeTmp

Run Build Command(s):/usr/bin/gmake cmTC_f4f9b/fast && /usr/bin/gmake  -f CMakeFiles/cmTC_f4f9b.dir/build.make CMakeFiles/cmTC_f4f9b.dir/build
gmake[1]: Entering directory '/home/hintik/dev/KIV-RTOS-master/sources/userspace/build/CMakeFiles/CMakeTmp'
Building CXX object CMakeFiles/cmTC_f4f9b.dir/CMakeCXXCompilerABI.cpp.obj
/usr/bin/arm-none-eabi-g++ -DRPI0=1  -O0 -g -nostartfiles -mfloat-abi=hard -mfpu=vfp -march=armv6zk -mtune=arm1176jzf-s -fno-exceptions -fno-rtti -O0 -g -nostartfiles -mfloat-abi=hard -mfpu=vfp -march=armv6zk -mtune=arm1176jzf-s -fno-exceptions -fno-rtti    -v -o CMakeFiles/cmTC_f4f9b.dir/CMakeCXXCompilerABI.cpp.obj -c /usr/share/cmake-3.18/Modules/CMakeCXXCompilerABI.cpp
Using built-in specs.
COLLECT_GCC=/usr/bin/arm-none-eabi-g++
Target: arm-none-eabi
Configured with: ../configure --build=x86_64-linux-gnu --prefix=/usr --includedir='/usr/lib/include' --mandir='/usr/lib/share/man' --infodir='/usr/lib/share/info' --sysconfdir=/etc --localstatedir=/var --disable-option-checking --disable-silent-rules --libdir='/usr/lib/lib/x86_64-linux-gnu' --libexecdir='/usr/lib/lib/x86_64-linux-gnu' --disable-maintainer-mode --disable-dependency-tracking --mandir=/usr/share/man --enable-languages=c,c++,lto --enable-multilib --disable-decimal-float --disable-libffi --disable-libgomp --disable-libmudflap --disable-libquadmath --disable-libssp --disable-libstdcxx-pch --disable-nls --disable-shared --disable-threads --enable-tls --build=x86_64-linux-gnu --target=arm-none-eabi --with-system-zlib --with-gnu-as --with-gnu-ld --with-pkgversion=15:8-2019-q3-1+b1 --without-included-gettext --prefix=/usr/lib --infodir=/usr/share/doc/gcc-arm-none-eabi/info --htmldir=/usr/share/doc/gcc-arm-none-eabi/html --pdfdir=/usr/share/doc/gcc-arm-none-eabi/pdf --bindir=/usr/bin --libexecdir=/usr/lib --libdir=/usr/lib --disable-libstdc++-v3 --host=x86_64-linux-gnu --with-headers=no --without-newlib --with-multilib-list=rmprofile CFLAGS='-g -O2 -fdebug-prefix-map=/build/gcc-arm-none-eabi-zSbVfn/gcc-arm-none-eabi-8-2019-q3=. -fstack-protector-strong' CPPFLAGS='-Wdate-time -D_FORTIFY_SOURCE=2' CXXFLAGS='-g -O2 -fdebug-prefix-map=/build/gcc-arm-none-eabi-zSbVfn/gcc-arm-none-eabi-8-2019-q3=. -fstack-protector-strong' FCFLAGS='-g -O2 -fdebug-prefix-map=/build/gcc-arm-none-eabi-zSbVfn/gcc-arm-none-eabi-8-2019-q3=. -fstack-protector-strong' FFLAGS='-g -O2 -fdebug-prefix-map=/build/gcc-arm-none-eabi-zSbVfn/gcc-arm-none-eabi-8-2019-q3=. -fstack-protector-strong' GCJFLAGS='-g -O2 -fdebug-prefix-map=/build/gcc-arm-none-eabi-zSbVfn/gcc-arm-none-eabi-8-2019-q3=. -fstack-protector-strong' LDFLAGS=-Wl,-z,relro OBJCFLAGS='-g -O2 -fdebug-prefix-map=/build/gcc-arm-none-eabi-zSbVfn/gcc-arm-none-eabi-8-2019-q3=. -fstack-protector-strong' OBJCXXFLAGS='-g -O2 -fdebug-prefix-map=/build/gcc-arm-none-eabi-zSbVfn/gcc-arm-none-eabi-8-2019-q3=. -fstack-protector-strong' INHIBIT_LIBC_CFLAGS=-DUSE_TM_CLONE_REGISTRY=0 AR_FOR_TARGET=arm-none-eabi-ar AS_FOR_TARGET=arm-none-eabi-as LD_FOR_TARGET=arm-none-eabi-ld NM_FOR_TARGET=arm-none-eabi-nm OBJDUMP_FOR_TARGET=arm-none-eabi-objdump RANLIB_FOR_TARGET=arm-none-eabi-ranlib READELF_FOR_TARGET=arm-none-eabi-readelf STRIP_FOR_TARGET=arm-none-eabi-strip
Thread model: single
gcc version 8.3.1 20190703 (release) [gcc-8-branch revision 273027] (15:8-2019-q3-1+b1) 
COLLECT_GCC_OPTIONS='-D' 'RPI0=1' '-O0' '-g' '-nostartfiles' '-mfloat-abi=hard' '-mfpu=vfp'  '-mtune=arm1176jzf-s' '-O0' '-g' '-nostartfiles' '-mfloat-abi=hard' '-mfpu=vfp'  '-mtune=arm1176jzf-s' '-fno-exceptions' '-fno-rtti' '-v' '-o' 'CMakeFiles/cmTC_f4f9b.dir/CMakeCXXCompilerABI.cpp.obj' '-c' '-marm' '-march=armv6zk+fp'
 /usr/lib/gcc/arm-none-eabi/8.3.1/cc1plus -quiet -v -imultilib arm/v5te/hard -D__USES_INITFINI__ -D RPI0=1 /usr/share/cmake-3.18/Modules/CMakeCXXCompilerABI.cpp -quiet -dumpbase CMakeCXXCompilerABI.cpp -mfloat-abi=hard -mfpu=vfp -mtune=arm1176jzf-s -mfloat-abi=hard -mfpu=vfp -mtune=arm1176jzf-s -marm -march=armv6zk+fp -auxbase-strip CMakeFiles/cmTC_f4f9b.dir/CMakeCXXCompilerABI.cpp.obj -g -g -O0 -O0 -version -fno-exceptions -fno-rtti -o /tmp/ccbq8hca.s
GNU C++14 (15:8-2019-q3-1+b1) version 8.3.1 20190703 (release) [gcc-8-branch revision 273027] (arm-none-eabi)
	compiled by GNU C version 10.2.0, GMP version 6.2.1, MPFR version 4.1.0, MPC version 1.2.0, isl version isl-0.23-GMP

GGC heuristics: --param ggc-min-expand=100 --param ggc-min-heapsize=131072
ignoring nonexistent directory "/usr/lib/gcc/arm-none-eabi/8.3.1/../../../arm-none-eabi/sys-include"
#include "..." search starts here:
#include <...> search starts here:
 /usr/lib/gcc/arm-none-eabi/8.3.1/../../../arm-none-eabi/include/c++/8.3.1
 /usr/lib/gcc/arm-none-eabi/8.3.1/../../../arm-none-eabi/include/c++/8.3.1/arm-none-eabi/arm/v5te/hard
 /usr/lib/gcc/arm-none-eabi/8.3.1/../../../arm-none-eabi/include/c++/8.3.1/backward
 /usr/lib/gcc/arm-none-eabi/8.3.1/include
 /usr/lib/gcc/arm-none-eabi/8.3.1/include-fixed
 /usr/lib/gcc/arm-none-eabi/8.3.1/../../../arm-none-eabi/include
End of search list.
GNU C++14 (15:8-2019-q3-1+b1) version 8.3.1 20190703 (release) [gcc-8-branch revision 273027] (arm-none-eabi)
	compiled by GNU C version 10.2.0, GMP version 6.2.1, MPFR version 4.1.0, MPC version 1.2.0, isl version isl-0.23-GMP

GGC heuristics: --param ggc-min-expand=100 --param ggc-min-heapsize=131072
Compiler executable checksum: 2997647168e1093b6d37ca7192a93286
COLLECT_GCC_OPTIONS='-D' 'RPI0=1' '-O0' '-g' '-nostartfiles' '-mfloat-abi=hard' '-mfpu=vfp'  '-mtune=arm1176jzf-s' '-O0' '-g' '-nostartfiles' '-mfloat-abi=hard' '-mfpu=vfp'  '-mtune=arm1176jzf-s' '-fno-exceptions' '-fno-rtti' '-v' '-o' 'CMakeFiles/cmTC_f4f9b.dir/CMakeCXXCompilerABI.cpp.obj' '-c' '-marm' '-march=armv6zk+fp'
 /usr/lib/gcc/arm-none-eabi/8.3.1/../../../arm-none-eabi/bin/as -v -march=armv6zk -mfloat-abi=hard -mfloat-abi=hard -mfpu=vfp -mfpu=vfp -meabi=5 -o CMakeFiles/cmTC_f4f9b.dir/CMakeCXXCompilerABI.cpp.obj /tmp/ccbq8hca.s
GNU assembler version 2.35.2 (arm-none-eabi) using BFD version (2.35.2-2+14+b2) 2.35.2
COMPILER_PATH=/usr/lib/gcc/arm-none-eabi/8.3.1/:/usr/lib/gcc/arm-none-eabi/8.3.1/:/usr/lib/gcc/arm-none-eabi/:/usr/lib/gcc/arm-none-eabi/8.3.1/:/usr/lib/gcc/arm-none-eabi/:/usr/lib/gcc/arm-none-eabi/8.3.1/../../../arm-none-eabi/bin/
LIBRARY_PATH=/usr/lib/gcc/arm-none-eabi/8.3.1/arm/v5te/hard/:/usr/lib/gcc/arm-none-eabi/8.3.1/../../../arm-none-eabi/lib/arm/v5te/hard/:/usr/lib/gcc/arm-none-eabi/8.3.1/:/usr/lib/gcc/arm-none-eabi/8.3.1/../../../arm-none-eabi/lib/
COLLECT_GCC_OPTIONS='-D' 'RPI0=1' '-O0' '-g' '-nostartfiles' '-mfloat-abi=hard' '-mfpu=vfp'  '-mtune=arm1176jzf-s' '-O0' '-g' '-nostartfiles' '-mfloat-abi=hard' '-mfpu=vfp'  '-mtune=arm1176jzf-s' '-fno-exceptions' '-fno-rtti' '-v' '-o' 'CMakeFiles/cmTC_f4f9b.dir/CMakeCXXCompilerABI.cpp.obj' '-c' '-marm' '-march=armv6zk+fp'
Linking CXX static library libcmTC_f4f9b.a
/usr/bin/cmake -P CMakeFiles/cmTC_f4f9b.dir/cmake_clean_target.cmake
/usr/bin/cmake -E cmake_link_script CMakeFiles/cmTC_f4f9b.dir/link.txt --verbose=1
/usr/bin/arm-none-eabi-ar qc libcmTC_f4f9b.a CMakeFiles/cmTC_f4f9b.dir/CMakeCXXCompilerABI.cpp.obj
/usr/bin/arm-none-eabi-ranlib libcmTC_f4f9b.a
gmake[1]: Leaving directory '/home/hintik/dev/KIV-RTOS-master/sources/userspace/build/CMakeFiles/CMakeTmp'



Parsed CXX implicit include dir info from above output: rv=done
  found start of include info
  found start of implicit include info
    add: [/usr/lib/gcc/arm-none-eabi/8.3.1/../../../arm-none-eabi/include/c++/8.3.1]
    add: [/usr/lib/gcc/arm-none-eabi/8.3.1/../../../arm-none-eabi/include/c++/8.3.1/arm-none-eabi/arm/v5te/hard]
    add: [/usr/lib/gcc/arm-none-eabi/8.3.1/../../../arm-none-eabi/include/c++/8.3.1/backward]
    add: [/usr/lib/gcc/arm-none-eabi/8.3.1/include]
    add: [/usr/lib/gcc/arm-none-eabi/8.3.1/include-fixed]
    add: [/usr/lib/gcc/arm-none-eabi/8.3.1/../../../arm-none-eabi/include]
  end of search list found
  collapse include dir [/usr/lib/gcc/arm-none-eabi/8.3.1/../../../arm-none-eabi/include/c++/8.3.1] ==> [/usr/lib/arm-none-eabi/include/c++/8.3.1]
  collapse include dir [/usr/lib/gcc/arm-none-eabi/8.3.1/../../../arm-none-eabi/include/c++/8.3.1/arm-none-eabi/arm/v5te/hard] ==> [/usr/lib/arm-none-eabi/include/c++/8.3.1/arm-none-eabi/arm/v5te/hard]
  collapse include dir [/usr/lib/gcc/arm-none-eabi/8.3.1/../../../arm-none-eabi/include/c++/8.3.1/backward] ==> [/usr/lib/arm-none-eabi/include/c++/8.3.1/backward]
  collapse include dir [/usr/lib/gcc/arm-none-eabi/8.3.1/include] ==> [/usr/lib/gcc/arm-none-eabi/8.3.1/include]
  collapse include dir [/usr/lib/gcc/arm-none-eabi/8.3.1/include-fixed] ==> [/usr/lib/gcc/arm-none-eabi/8.3.1/include-fixed]
  collapse include dir [/usr/lib/gcc/arm-none-eabi/8.3.1/../../../arm-none-eabi/include] ==> [/usr/lib/arm-none-eabi/include]
  implicit include dirs: [/usr/lib/arm-none-eabi/include/c++/8.3.1;/usr/lib/arm-none-eabi/include/c++/8.3.1/arm-none-eabi/arm/v5te/hard;/usr/lib/arm-none-eabi/include/c++/8.3.1/backward;/usr/lib/gcc/arm-none-eabi/8.3.1/include;/usr/lib/gcc/arm-none-eabi/8.3.1/include-fixed;/usr/lib/arm-none-eabi/include]


Parsed CXX implicit link information from above output:
  link line regex: [^( *|.*[/\])(arm-none-eabi-ld|CMAKE_LINK_STARTFILE-NOTFOUND|([^/\]+-)?ld|collect2)[^/\]*( |$)]
  ignore line: [Change Dir: /home/hintik/dev/KIV-RTOS-master/sources/userspace/build/CMakeFiles/CMakeTmp]
  ignore line: []
  ignore line: [Run Build Command(s):/usr/bin/gmake cmTC_f4f9b/fast && /usr/bin/gmake  -f CMakeFiles/cmTC_f4f9b.dir/build.make CMakeFiles/cmTC_f4f9b.dir/build]
  ignore line: [gmake[1]: Entering directory '/home/hintik/dev/KIV-RTOS-master/sources/userspace/build/CMakeFiles/CMakeTmp']
  ignore line: [Building CXX object CMakeFiles/cmTC_f4f9b.dir/CMakeCXXCompilerABI.cpp.obj]
  ignore line: [/usr/bin/arm-none-eabi-g++ -DRPI0=1  -O0 -g -nostartfiles -mfloat-abi=hard -mfpu=vfp -march=armv6zk -mtune=arm1176jzf-s -fno-exceptions -fno-rtti -O0 -g -nostartfiles -mfloat-abi=hard -mfpu=vfp -march=armv6zk -mtune=arm1176jzf-s -fno-exceptions -fno-rtti    -v -o CMakeFiles/cmTC_f4f9b.dir/CMakeCXXCompilerABI.cpp.obj -c /usr/share/cmake-3.18/Modules/CMakeCXXCompilerABI.cpp]
  ignore line: [Using built-in specs.]
  ignore line: [COLLECT_GCC=/usr/bin/arm-none-eabi-g++]
  ignore line: [Target: arm-none-eabi]
  ignore line: [Configured with: ../configure --build=x86_64-linux-gnu --prefix=/usr --includedir='/usr/lib/include' --mandir='/usr/lib/share/man' --infodir='/usr/lib/share/info' --sysconfdir=/etc --localstatedir=/var --disable-option-checking --disable-silent-rules --libdir='/usr/lib/lib/x86_64-linux-gnu' --libexecdir='/usr/lib/lib/x86_64-linux-gnu' --disable-maintainer-mode --disable-dependency-tracking --mandir=/usr/share/man --enable-languages=c,c++,lto --enable-multilib --disable-decimal-float --disable-libffi --disable-libgomp --disable-libmudflap --disable-libquadmath --disable-libssp --disable-libstdcxx-pch --disable-nls --disable-shared --disable-threads --enable-tls --build=x86_64-linux-gnu --target=arm-none-eabi --with-system-zlib --with-gnu-as --with-gnu-ld --with-pkgversion=15:8-2019-q3-1+b1 --without-included-gettext --prefix=/usr/lib --infodir=/usr/share/doc/gcc-arm-none-eabi/info --htmldir=/usr/share/doc/gcc-arm-none-eabi/html --pdfdir=/usr/share/doc/gcc-arm-none-eabi/pdf --bindir=/usr/bin --libexecdir=/usr/lib --libdir=/usr/lib --disable-libstdc++-v3 --host=x86_64-linux-gnu --with-headers=no --without-newlib --with-multilib-list=rmprofile CFLAGS='-g -O2 -fdebug-prefix-map=/build/gcc-arm-none-eabi-zSbVfn/gcc-arm-none-eabi-8-2019-q3=. -fstack-protector-strong' CPPFLAGS='-Wdate-time -D_FORTIFY_SOURCE=2' CXXFLAGS='-g -O2 -fdebug-prefix-map=/build/gcc-arm-none-eabi-zSbVfn/gcc-arm-none-eabi-8-2019-q3=. -fstack-protector-strong' FCFLAGS='-g -O2 -fdebug-prefix-map=/build/gcc-arm-none-eabi-zSbVfn/gcc-arm-none-eabi-8-2019-q3=. -fstack-protector-strong' FFLAGS='-g -O2 -fdebug-prefix-map=/build/gcc-arm-none-eabi-zSbVfn/gcc-arm-none-eabi-8-2019-q3=. -fstack-protector-strong' GCJFLAGS='-g -O2 -fdebug-prefix-map=/build/gcc-arm-none-eabi-zSbVfn/gcc-arm-none-eabi-8-2019-q3=. -fstack-protector-strong' LDFLAGS=-Wl,-z,relro OBJCFLAGS='-g -O2 -fdebug-prefix-map=/build/gcc-arm-none-eabi-zSbVfn/gcc-arm-none-eabi-8-2019-q3=. -fstack-protector-strong' OBJCXXFLAGS='-g -O2 -fdebug-prefix-map=/build/gcc-arm-none-eabi-zSbVfn/gcc-arm-none-eabi-8-2019-q3=. -fstack-protector-strong' INHIBIT_LIBC_CFLAGS=-DUSE_TM_CLONE_REGISTRY=0 AR_FOR_TARGET=arm-none-eabi-ar AS_FOR_TARGET=arm-none-eabi-as LD_FOR_TARGET=arm-none-eabi-ld NM_FOR_TARGET=arm-none-eabi-nm OBJDUMP_FOR_TARGET=arm-none-eabi-objdump RANLIB_FOR_TARGET=arm-none-eabi-ranlib READELF_FOR_TARGET=arm-none-eabi-readelf STRIP_FOR_TARGET=arm-none-eabi-strip]
  ignore line: [Thread model: single]
  ignore line: [gcc version 8.3.1 20190703 (release) [gcc-8-branch revision 273027] (15:8-2019-q3-1+b1) ]
  ignore line: [COLLECT_GCC_OPTIONS='-D' 'RPI0=1' '-O0' '-g' '-nostartfiles' '-mfloat-abi=hard' '-mfpu=vfp'  '-mtune=arm1176jzf-s' '-O0' '-g' '-nostartfiles' '-mfloat-abi=hard' '-mfpu=vfp'  '-mtune=arm1176jzf-s' '-fno-exceptions' '-fno-rtti' '-v' '-o' 'CMakeFiles/cmTC_f4f9b.dir/CMakeCXXCompilerABI.cpp.obj' '-c' '-marm' '-march=armv6zk+fp']
  ignore line: [ /usr/lib/gcc/arm-none-eabi/8.3.1/cc1plus -quiet -v -imultilib arm/v5te/hard -D__USES_INITFINI__ -D RPI0=1 /usr/share/cmake-3.18/Modules/CMakeCXXCompilerABI.cpp -quiet -dumpbase CMakeCXXCompilerABI.cpp -mfloat-abi=hard -mfpu=vfp -mtune=arm1176jzf-s -mfloat-abi=hard -mfpu=vfp -mtune=arm1176jzf-s -marm -march=armv6zk+fp -auxbase-strip CMakeFiles/cmTC_f4f9b.dir/CMakeCXXCompilerABI.cpp.obj -g -g -O0 -O0 -version -fno-exceptions -fno-rtti -o /tmp/ccbq8hca.s]
  ignore line: [GNU C++14 (15:8-2019-q3-1+b1) version 8.3.1 20190703 (release) [gcc-8-branch revision 273027] (arm-none-eabi)]
  ignore line: [	compiled by GNU C version 10.2.0  GMP version 6.2.1  MPFR version 4.1.0  MPC version 1.2.0  isl version isl-0.23-GMP]
  ignore line: []
  ignore line: [GGC heuristics: --param ggc-min-expand=100 --param ggc-min-heapsize=131072]
  ignore line: [ignoring nonexistent directory "/usr/lib/gcc/arm-none-eabi/8.3.1/../../../arm-none-eabi/sys-include"]
  ignore line: [#include "..." search starts here:]
  ignore line: [#include <...> search starts here:]
  ignore line: [ /usr/lib/gcc/arm-none-eabi/8.3.1/../../../arm-none-eabi/include/c++/8.3.1]
  ignore line: [ /usr/lib/gcc/arm-none-eabi/8.3.1/../../../arm-none-eabi/include/c++/8.3.1/arm-none-eabi/arm/v5te/hard]
  ignore line: [ /usr/lib/gcc/arm-none-eabi/8.3.1/../../../arm-none-eabi/include/c++/8.3.1/backward]
  ignore line: [ /usr/lib/gcc/arm-none-eabi/8.3.1/include]
  ignore line: [ /usr/lib/gcc/arm-none-eabi/8.3.1/include-fixed]
  ignore line: [ /usr/lib/gcc/arm-none-eabi/8.3.1/../../../arm-none-eabi/include]
  ignore line: [End of search list.]
  ignore line: [GNU C++14 (15:8-2019-q3-1+b1) version 8.3.1 20190703 (release) [gcc-8-branch revision 273027] (arm-none-eabi)]
  ignore line: [	compiled by GNU C version 10.2.0  GMP version 6.2.1  MPFR version 4.1.0  MPC version 1.2.0  isl version isl-0.23-GMP]
  ignore line: []
  ignore line: [GGC heuristics: --param ggc-min-expand=100 --param ggc-min-heapsize=131072]
  ignore line: [Compiler executable checksum: 2997647168e1093b6d37ca7192a93286]
  ignore line: [COLLECT_GCC_OPTIONS='-D' 'RPI0=1' '-O0' '-g' '-nostartfiles' '-mfloat-abi=hard' '-mfpu=vfp'  '-mtune=arm1176jzf-s' '-O0' '-g' '-nostartfiles' '-mfloat-abi=hard' '-mfpu=vfp'  '-mtune=arm1176jzf-s' '-fno-exceptions' '-fno-rtti' '-v' '-o' 'CMakeFiles/cmTC_f4f9b.dir/CMakeCXXCompilerABI.cpp.obj' '-c' '-marm' '-march=armv6zk+fp']
  ignore line: [ /usr/lib/gcc/arm-none-eabi/8.3.1/../../../arm-none-eabi/bin/as -v -march=armv6zk -mfloat-abi=hard -mfloat-abi=hard -mfpu=vfp -mfpu=vfp -meabi=5 -o CMakeFiles/cmTC_f4f9b.dir/CMakeCXXCompilerABI.cpp.obj /tmp/ccbq8hca.s]
  ignore line: [GNU assembler version 2.35.2 (arm-none-eabi) using BFD version (2.35.2-2+14+b2) 2.35.2]
  ignore line: [COMPILER_PATH=/usr/lib/gcc/arm-none-eabi/8.3.1/:/usr/lib/gcc/arm-none-eabi/8.3.1/:/usr/lib/gcc/arm-none-eabi/:/usr/lib/gcc/arm-none-eabi/8.3.1/:/usr/lib/gcc/arm-none-eabi/:/usr/lib/gcc/arm-none-eabi/8.3.1/../../../arm-none-eabi/bin/]
  ignore line: [LIBRARY_PATH=/usr/lib/gcc/arm-none-eabi/8.3.1/arm/v5te/hard/:/usr/lib/gcc/arm-none-eabi/8.3.1/../../../arm-none-eabi/lib/arm/v5te/hard/:/usr/lib/gcc/arm-none-eabi/8.3.1/:/usr/lib/gcc/arm-none-eabi/8.3.1/../../../arm-none-eabi/lib/]
  ignore line: [COLLECT_GCC_OPTIONS='-D' 'RPI0=1' '-O0' '-g' '-nostartfiles' '-mfloat-abi=hard' '-mfpu=vfp'  '-mtune=arm1176jzf-s' '-O0' '-g' '-nostartfiles' '-mfloat-abi=hard' '-mfpu=vfp'  '-mtune=arm1176jzf-s' '-fno-exceptions' '-fno-rtti' '-v' '-o' 'CMakeFiles/cmTC_f4f9b.dir/CMakeCXXCompilerABI.cpp.obj' '-c' '-marm' '-march=armv6zk+fp']
  ignore line: [Linking CXX static library libcmTC_f4f9b.a]
  ignore line: [/usr/bin/cmake -P CMakeFiles/cmTC_f4f9b.dir/cmake_clean_target.cmake]
  ignore line: [/usr/bin/cmake -E cmake_link_script CMakeFiles/cmTC_f4f9b.dir/link.txt --verbose=1]
  ignore line: [/usr/bin/arm-none-eabi-ar qc libcmTC_f4f9b.a CMakeFiles/cmTC_f4f9b.dir/CMakeCXXCompilerABI.cpp.obj]
  ignore line: [/usr/bin/arm-none-eabi-ranlib libcmTC_f4f9b.a]
  ignore line: [gmake[1]: Leaving directory '/home/hintik/dev/KIV-RTOS-master/sources/userspace/build/CMakeFiles/CMakeTmp']
  ignore line: []
  ignore line: []
  implicit libs: []
  implicit dirs: []
  implicit fwks: []


Detecting C compiler ABI info compiled with the following output:
Change Dir: /home/hintik/dev/KIV-RTOS-master/sources/userspace/build/CMakeFiles/CMakeTmp

Run Build Command(s):/usr/bin/gmake cmTC_b7cd0/fast && /usr/bin/gmake  -f CMakeFiles/cmTC_b7cd0.dir/build.make CMakeFiles/cmTC_b7cd0.dir/build
gmake[1]: Entering directory '/home/hintik/dev/KIV-RTOS-master/sources/userspace/build/CMakeFiles/CMakeTmp'
Building C object CMakeFiles/cmTC_b7cd0.dir/CMakeCCompilerABI.c.obj
/usr/bin/arm-none-eabi-gcc -DRPI0=1  -O0 -g -nostartfiles -mfloat-abi=hard -mfpu=vfp -march=armv6zk -mtune=arm1176jzf-s -O0 -g -nostartfiles -mfloat-abi=hard -mfpu=vfp -march=armv6zk -mtune=arm1176jzf-s    -v -o CMakeFiles/cmTC_b7cd0.dir/CMakeCCompilerABI.c.obj -c /usr/share/cmake-3.18/Modules/CMakeCCompilerABI.c
Using built-in specs.
COLLECT_GCC=/usr/bin/arm-none-eabi-gcc
Target: arm-none-eabi
Configured with: ../configure --build=x86_64-linux-gnu --prefix=/usr --includedir='/usr/lib/include' --mandir='/usr/lib/share/man' --infodir='/usr/lib/share/info' --sysconfdir=/etc --localstatedir=/var --disable-option-checking --disable-silent-rules --libdir='/usr/lib/lib/x86_64-linux-gnu' --libexecdir='/usr/lib/lib/x86_64-linux-gnu' --disable-maintainer-mode --disable-dependency-tracking --mandir=/usr/share/man --enable-languages=c,c++,lto --enable-multilib --disable-decimal-float --disable-libffi --disable-libgomp --disable-libmudflap --disable-libquadmath --disable-libssp --disable-libstdcxx-pch --disable-nls --disable-shared --disable-threads --enable-tls --build=x86_64-linux-gnu --target=arm-none-eabi --with-system-zlib --with-gnu-as --with-gnu-ld --with-pkgversion=15:8-2019-q3-1+b1 --without-included-gettext --prefix=/usr/lib --infodir=/usr/share/doc/gcc-arm-none-eabi/info --htmldir=/usr/share/doc/gcc-arm-none-eabi/html --pdfdir=/usr/share/doc/gcc-arm-none-eabi/pdf --bindir=/usr/bin --libexecdir=/usr/lib --libdir=/usr/lib --disable-libstdc++-v3 --host=x86_64-linux-gnu --with-headers=no --without-newlib --with-multilib-list=rmprofile CFLAGS='-g -O2 -fdebug-prefix-map=/build/gcc-arm-none-eabi-zSbVfn/gcc-arm-none-eabi-8-2019-q3=. -fstack-protector-strong' CPPFLAGS='-Wdate-time -D_FORTIFY_SOURCE=2' CXXFLAGS='-g -O2 -fdebug-prefix-map=/build/gcc-arm-none-eabi-zSbVfn/gcc-arm-none-eabi-8-2019-q3=. -fstack-protector-strong' FCFLAGS='-g -O2 -fdebug-prefix-map=/build/gcc-arm-none-eabi-zSbVfn/gcc-arm-none-eabi-8-2019-q3=. -fstack-protector-strong' FFLAGS='-g -O2 -fdebug-prefix-map=/build/gcc-arm-none-eabi-zSbVfn/gcc-arm-none-eabi-8-2019-q3=. -fstack-protector-strong' GCJFLAGS='-g -O2 -fdebug-prefix-map=/build/gcc-arm-none-eabi-zSbVfn/gcc-arm-none-eabi-8-2019-q3=. -fstack-protector-strong' LDFLAGS=-Wl,-z,relro OBJCFLAGS='-g -O2 -fdebug-prefix-map=/build/gcc-arm-none-eabi-zSbVfn/gcc-arm-none-eabi-8-2019-q3=. -fstack-protector-strong' OBJCXXFLAGS='-g -O2 -fdebug-prefix-map=/build/gcc-arm-none-eabi-zSbVfn/gcc-arm-none-eabi-8-2019-q3=. -fstack-protector-strong' INHIBIT_LIBC_CFLAGS=-DUSE_TM_CLONE_REGISTRY=0 AR_FOR_TARGET=arm-none-eabi-ar AS_FOR_TARGET=arm-none-eabi-as LD_FOR_TARGET=arm-none-eabi-ld NM_FOR_TARGET=arm-none-eabi-nm OBJDUMP_FOR_TARGET=arm-none-eabi-objdump RANLIB_FOR_TARGET=arm-none-eabi-ranlib READELF_FOR_TARGET=arm-none-eabi-readelf STRIP_FOR_TARGET=arm-none-eabi-strip
Thread model: single
gcc version 8.3.1 20190703 (release) [gcc-8-branch revision 273027] (15:8-2019-q3-1+b1) 
COLLECT_GCC_OPTIONS='-D' 'RPI0=1' '-O0' '-g' '-nostartfiles' '-mfloat-abi=hard' '-mfpu=vfp'  '-mtune=arm1176jzf-s' '-O0' '-g' '-nostartfiles' '-mfloat-abi=hard' '-mfpu=vfp'  '-mtune=arm1176jzf-s' '-v' '-o' 'CMakeFiles/cmTC_b7cd0.dir/CMakeCCompilerABI.c.obj' '-c' '-marm' '-march=armv6zk+fp'
 /usr/lib/gcc/arm-none-eabi/8.3.1/cc1 -quiet -v -imultilib arm/v5te/hard -D__USES_INITFINI__ -D RPI0=1 /usr/share/cmake-3.18/Modules/CMakeCCompilerABI.c -quiet -dumpbase CMakeCCompilerABI.c -mfloat-abi=hard -mfpu=vfp -mtune=arm1176jzf-s -mfloat-abi=hard -mfpu=vfp -mtune=arm1176jzf-s -marm -march=armv6zk+fp -auxbase-strip CMakeFiles/cmTC_b7cd0.dir/CMakeCCompilerABI.c.obj -g -g -O0 -O0 -version -o /tmp/ccx1Mdhc.s
GNU C17 (15:8-2019-q3-1+b1) version 8.3.1 20190703 (release) [gcc-8-branch revision 273027] (arm-none-eabi)
	compiled by GNU C version 10.2.0, GMP version 6.2.1, MPFR version 4.1.0, MPC version 1.2.0, isl version isl-0.23-GMP

GGC heuristics: --param ggc-min-expand=100 --param ggc-min-heapsize=131072
ignoring nonexistent directory "/usr/lib/gcc/arm-none-eabi/8.3.1/../../../arm-none-eabi/sys-include"
#include "..." search starts here:
#include <...> search starts here:
 /usr/lib/gcc/arm-none-eabi/8.3.1/include
 /usr/lib/gcc/arm-none-eabi/8.3.1/include-fixed
 /usr/lib/gcc/arm-none-eabi/8.3.1/../../../arm-none-eabi/include
End of search list.
GNU C17 (15:8-2019-q3-1+b1) version 8.3.1 20190703 (release) [gcc-8-branch revision 273027] (arm-none-eabi)
	compiled by GNU C version 10.2.0, GMP version 6.2.1, MPFR version 4.1.0, MPC version 1.2.0, isl version isl-0.23-GMP

GGC heuristics: --param ggc-min-expand=100 --param ggc-min-heapsize=131072
Compiler executable checksum: 540051d21a901f95ab937f0fc815eb0d
COLLECT_GCC_OPTIONS='-D' 'RPI0=1' '-O0' '-g' '-nostartfiles' '-mfloat-abi=hard' '-mfpu=vfp'  '-mtune=arm1176jzf-s' '-O0' '-g' '-nostartfiles' '-mfloat-abi=hard' '-mfpu=vfp'  '-mtune=arm1176jzf-s' '-v' '-o' 'CMakeFiles/cmTC_b7cd0.dir/CMakeCCompilerABI.c.obj' '-c' '-marm' '-march=armv6zk+fp'
 /usr/lib/gcc/arm-none-eabi/8.3.1/../../../arm-none-eabi/bin/as -v -march=armv6zk -mfloat-abi=hard -mfloat-abi=hard -mfpu=vfp -mfpu=vfp -meabi=5 -o CMakeFiles/cmTC_b7cd0.dir/CMakeCCompilerABI.c.obj /tmp/ccx1Mdhc.s
GNU assembler version 2.35.2 (arm-none-eabi) using BFD version (2.35.2-2+14+b2) 2.35.2
COMPILER_PATH=/usr/lib/gcc/arm-none-eabi/8.3.1/:/usr/lib/gcc/arm-none-eabi/8.3.1/:/usr/lib/gcc/arm-none-eabi/:/usr/lib/gcc/arm-none-eabi/8.3.1/:/usr/lib/gcc/arm-none-eabi/:/usr/lib/gcc/arm-none-eabi/8.3.1/../../../arm-none-eabi/bin/
LIBRARY_PATH=/usr/lib/gcc/arm-none-eabi/8.3.1/arm/v5te/hard/:/usr/lib/gcc/arm-none-eabi/8.3.1/../../../arm-none-eabi/lib/arm/v5te/hard/:/usr/lib/gcc/arm-none-eabi/8.3.1/:/usr/lib/gcc/arm-none-eabi/8.3.1/../../../arm-none-eabi/lib/
COLLECT_GCC_OPTIONS='-D' 'RPI0=1' '-O0' '-g' '-nostartfiles' '-mfloat-abi=hard' '-mfpu=vfp'  '-mtune=arm1176jzf-s' '-O0' '-g' '-nostartfiles' '-mfloat-abi=hard' '-mfpu=vfp'  '-mtune=arm1176jzf-s' '-v' '-o' 'CMakeFiles/cmTC_b7cd0.dir/CMakeCCompilerABI.c.obj' '-c' '-marm' '-march=armv6zk+fp'
Linking C static library libcmTC_b7cd0.a
/usr/bin/cmake -P CMakeFiles/cmTC_b7cd0.dir/cmake_clean_target.cmake
/usr/bin/cmake -E cmake_link_script CMakeFiles/cmTC_b7cd0.dir/link.txt --verbose=1
/usr/bin/arm-none-eabi-ar qc libcmTC_b7cd0.a CMakeFiles/cmTC_b7cd0.dir/CMakeCCompilerABI.c.obj
/usr/bin/arm-none-eabi-ranlib libcmTC_b7cd0.a
gmake[1]: Leaving directory '/home/hintik/dev/KIV-RTOS-master/sources/userspace/build/CMakeFiles/CMakeTmp'



Parsed C implicit include dir info from above output: rv=done
  found start of include info
  found start of implicit include info
    add: [/usr/lib/gcc/arm-none-eabi/8.3.1/include]
    add: [/usr/lib/gcc/arm-none-eabi/8.3.1/include-fixed]
    add: [/usr/lib/gcc/arm-none-eabi/8.3.1/../../../arm-none-eabi/include]
  end of search list found
  collapse include dir [/usr/lib/gcc/arm-none-eabi/8.3.1/include] ==> [/usr/lib/gcc/arm-none-eabi/8.3.1/include]
  collapse include dir [/usr/lib/gcc/arm-none-eabi/8.3.1/include-fixed] ==> [/usr/lib/gcc/arm-none-eabi/8.3.1/include-fixed]
  collapse include dir [/usr/lib/gcc/arm-none-eabi/8.3.1/../../../arm-none-eabi/include] ==> [/usr/lib/arm-none-eabi/include]
  implicit include dirs: [/usr/lib/gcc/arm-none-eabi/8.3.1/include;/usr/lib/gcc/arm-none-eabi/8.3.1/include-fixed;/usr/lib/arm-none-eabi/include]


Parsed C implicit link information from above output:
  link line regex: [^( *|.*[/\])(arm-none-eabi-ld|CMAKE_LINK_STARTFILE-NOTFOUND|([^/\]+-)?ld|collect2)[^/\]*( |$)]
  ignore line: [Change Dir: /home/hintik/dev/KIV-RTOS-master/sources/userspace/build/CMakeFiles/CMakeTmp]
  ignore line: []
  ignore line: [Run Build Command(s):/usr/bin/gmake cmTC_b7cd0/fast && /usr/bin/gmake  -f CMakeFiles/cmTC_b7cd0.dir/build.make CMakeFiles/cmTC_b7cd0.dir/build]
  ignore line: [gmake[1]: Entering directory '/home/hintik/dev/KIV-RTOS-master/sources/userspace/build/CMakeFiles/CMakeTmp']
  ignore line: [Building C object CMakeFiles/cmTC_b7cd0.dir/CMakeCCompilerABI.c.obj]
  ignore line: [/usr/bin/arm-none-eabi-gcc -DRPI0=1  -O0 -g -nostartfiles -mfloat-abi=hard -mfpu=vfp -march=armv6zk -mtune=arm1176jzf-s -O0 -g -nostartfiles -mfloat-abi=hard -mfpu=vfp -march=armv6zk -mtune=arm1176jzf-s    -v -o CMakeFiles/cmTC_b7cd0.dir/CMakeCCompilerABI.c.obj -c /usr/share/cmake-3.18/Modules/CMakeCCompilerABI.c]
  ignore line: [Using built-in specs.]
  ignore line: [COLLECT_GCC=/usr/bin/arm-none-eabi-gcc]
  ignore line: [Target: arm-none-eabi]
  ignore line: [Configured with: ../configure --build=x86_64-linux-gnu --prefix=/usr --includedir='/usr/lib/include' --mandir='/usr/lib/share/man' --infodir='/usr/lib/share/info' --sysconfdir=/etc --localstatedir=/var --disable-option-checking --disable-silent-rules --libdir='/usr/lib/lib/x86_64-linux-gnu' --libexecdir='/usr/lib/lib/x86_64-linux-gnu' --disable-maintainer-mode --disable-dependency-tracking --mandir=/usr/share/man --enable-languages=c,c++,lto --enable-multilib --disable-decimal-float --disable-libffi --disable-libgomp --disable-libmudflap --disable-libquadmath --disable-libssp --disable-libstdcxx-pch --disable-nls --disable-shared --disable-threads --enable-tls --build=x86_64-linux-gnu --target=arm-none-eabi --with-system-zlib --with-gnu-as --with-gnu-ld --with-pkgversion=15:8-2019-q3-1+b1 --without-included-gettext --prefix=/usr/lib --infodir=/usr/share/doc/gcc-arm-none-eabi/info --htmldir=/usr/share/doc/gcc-arm-none-eabi/html --pdfdir=/usr/share/doc/gcc-arm-none-eabi/pdf --bindir=/usr/bin --libexecdir=/usr/lib --libdir=/usr/lib --disable-libstdc++-v3 --host=x86_64-linux-gnu --with-headers=no --without-newlib --with-multilib-list=rmprofile CFLAGS='-g -O2 -fdebug-prefix-map=/build/gcc-arm-none-eabi-zSbVfn/gcc-arm-none-eabi-8-2019-q3=. -fstack-protector-strong' CPPFLAGS='-Wdate-time -D_FORTIFY_SOURCE=2' CXXFLAGS='-g -O2 -fdebug-prefix-map=/build/gcc-arm-none-eabi-zSbVfn/gcc-arm-none-eabi-8-2019-q3=. -fstack-protector-strong' FCFLAGS='-g -O2 -fdebug-prefix-map=/build/gcc-arm-none-eabi-zSbVfn/gcc-arm-none-eabi-8-2019-q3=. -fstack-protector-strong' FFLAGS='-g -O2 -fdebug-prefix-map=/build/gcc-arm-none-eabi-zSbVfn/gcc-arm-none-eabi-8-2019-q3=. -fstack-protector-strong' GCJFLAGS='-g -O2 -fdebug-prefix-map=/build/gcc-arm-none-eabi-zSbVfn/gcc-arm-none-eabi-8-2019-q3=. -fstack-protector-strong' LDFLAGS=-Wl,-z,relro OBJCFLAGS='-g -O2 -fdebug-prefix-map=/build/gcc-arm-none-eabi-zSbVfn/gcc-arm-none-eabi-8-2019-q3=. -fstack-protector-strong' OBJCXXFLAGS='-g -O2 -fdebug-prefix-map=/build/gcc-arm-none-eabi-zSbVfn/gcc-arm-none-eabi-8-2019-q3=. -fstack-protector-strong' INHIBIT_LIBC_CFLAGS=-DUSE_TM_CLONE_REGISTRY=0 AR_FOR_TARGET=arm-none-eabi-ar AS_FOR_TARGET=arm-none-eabi-as LD_FOR_TARGET=arm-none-eabi-ld NM_FOR_TARGET=arm-none-eabi-nm OBJDUMP_FOR_TARGET=arm-none-eabi-objdump RANLIB_FOR_TARGET=arm-none-eabi-ranlib READELF_FOR_TARGET=arm-none-eabi-readelf STRIP_FOR_TARGET=arm-none-eabi-strip]
  ignore line: [Thread model: single]
  ignore line: [gcc version 8.3.1 20190703 (release) [gcc-8-branch revision 273027] (15:8-2019-q3-1+b1) ]
  ignore line: [COLLECT_GCC_OPTIONS='-D' 'RPI0=1' '-O0' '-g' '-nostartfiles' '-mfloat-abi=hard' '-mfpu=vfp'  '-mtune=arm1176jzf-s' '-O0' '-g' '-nostartfiles' '-mfloat-abi=hard' '-mfpu=vfp'  '-mtune=arm1176jzf-s' '-v' '-o' 'CMakeFiles/cmTC_b7cd0.dir/CMakeCCompilerABI.c.obj' '-c' '-marm' '-march=armv6zk+fp']
  ignore line: [ /usr/lib/gcc/arm-none-eabi/8.3.1/cc1 -quiet -v -imultilib arm/v5te/hard -D__USES_INITFINI__ -D RPI0=1 /usr/share/cmake-3.18/Modules/CMakeCCompilerABI.c -quiet -dumpbase CMakeCCompilerABI.c -mfloat-abi=hard -mfpu=vfp -mtune=arm1176jzf-s -mfloat-abi=hard -mfpu=vfp -mtune=arm1176jzf-s -marm -march=armv6zk+fp -auxbase-strip CMakeFiles/cmTC_b7cd0.dir/CMakeCCompilerABI.c.obj -g -g -O0 -O0 -version -o /tmp/ccx1Mdhc.s]
  ignore line: [GNU C17 (15:8-2019-q3-1+b1) version 8.3.1 20190703 (release) [gcc-8-branch revision 273027] (arm-none-eabi)]
  ignore line: [	compiled by GNU C version 10.2.0  GMP version 6.2.1  MPFR version 4.1.0  MPC version 1.2.0  isl version isl-0.23-GMP]
  ignore line: []
  ignore line: [GGC heuristics: --param ggc-min-expand=100 --param ggc-min-heapsize=131072]
  ignore line: [ignoring nonexistent directory "/usr/lib/gcc/arm-none-eabi/8.3.1/../../../arm-none-eabi/sys-include"]
  ignore line: [#include "..." search starts here:]
  ignore line: [#include <...> search starts here:]
  ignore line: [ /usr/lib/gcc/arm-none-eabi/8.3.1/include]
  ignore line: [ /usr/lib/gcc/arm-none-eabi/8.3.1/include-fixed]
  ignore line: [ /usr/lib/gcc/arm-none-eabi/8.3.1/../../../arm-none-eabi/include]
  ignore line: [End of search list.]
  ignore line: [GNU C17 (15:8-2019-q3-1+b1) version 8.3.1 20190703 (release) [gcc-8-branch revision 273027] (arm-none-eabi)]
  ignore line: [	compiled by GNU C version 10.2.0  GMP version 6.2.1  MPFR version 4.1.0  MPC version 1.2.0  isl version isl-0.23-GMP]
  ignore line: []
  ignore line: [GGC heuristics: --param ggc-min-expand=100 --param ggc-min-heapsize=131072]
  ignore line: [Compiler executable checksum: 540051d21a901f95ab937f0fc815eb0d]
  ignore line: [COLLECT_GCC_OPTIONS='-D' 'RPI0=1' '-O0' '-g' '-nostartfiles' '-mfloat-abi=hard' '-mfpu=vfp'  '-mtune=arm1176jzf-s' '-O0' '-g' '-nostartfiles' '-mfloat-abi=hard' '-mfpu=vfp'  '-mtune=arm1176jzf-s' '-v' '-o' 'CMakeFiles/cmTC_b7cd0.dir/CMakeCCompilerABI.c.obj' '-c' '-marm' '-march=armv6zk+fp']
  ignore line: [ /usr/lib/gcc/arm-none-eabi/8.3.1/../../../arm-none-eabi/bin/as -v -march=armv6zk -mfloat-abi=hard -mfloat-abi=hard -mfpu=vfp -mfpu=vfp -meabi=5 -o CMakeFiles/cmTC_b7cd0.dir/CMakeCCompilerABI.c.obj /tmp/ccx1Mdhc.s]
  ignore line: [GNU assembler version 2.35.2 (arm-none-eabi) using BFD version (2.35.2-2+14+b2) 2.35.2]
  ignore line: [COMPILER_PATH=/usr/lib/gcc/arm-none-eabi/8.3.1/:/usr/lib/gcc/arm-none-eabi/8.3.1/:/usr/lib/gcc/arm-none-eabi/:/usr/lib/gcc/arm-none-eabi/8.3.1/:/usr/lib/gcc/arm-none-eabi/:/usr/lib/gcc/arm-none-eabi/8.3.1/../../../arm-none-eabi/bin/]
  ignore line: [LIBRARY_PATH=/usr/lib/gcc/arm-none-eabi/8.3.1/arm/v5te/hard/:/usr/lib/gcc/arm-none-eabi/8.3.1/../../../arm-none-eabi/lib/arm/v5te/hard/:/usr/lib/gcc/arm-none-eabi/8.3.1/:/usr/lib/gcc/arm-none-eabi/8.3.1/../../../arm-none-eabi/lib/]
  ignore line: [COLLECT_GCC_OPTIONS='-D' 'RPI0=1' '-O0' '-g' '-nostartfiles' '-mfloat-abi=hard' '-mfpu=vfp'  '-mtune=arm1176jzf-s' '-O0' '-g' '-nostartfiles' '-mfloat-abi=hard' '-mfpu=vfp'  '-mtune=arm1176jzf-s' '-v' '-o' 'CMakeFiles/cmTC_b7cd0.dir/CMakeCCompilerABI.c.obj' '-c' '-marm' '-march=armv6zk+fp']
  ignore line: [Linking C static library libcmTC_b7cd0.a]
  ignore line: [/usr/bin/cmake -P CMakeFiles/cmTC_b7cd0.dir/cmake_clean_target.cmake]
  ignore line: [/usr/bin/cmake -E cmake_link_script CMakeFiles/cmTC_b7cd0.dir/link.txt --verbose=1]
  ignore line: [/usr/bin/arm-none-eabi-ar qc libcmTC_b7cd0.a CMakeFiles/cmTC_b7cd0.dir/CMakeCCompilerABI.c.obj]
  ignore line: [/usr/bin/arm-none-eabi-ranlib libcmTC_b7cd0.a]
  ignore line: [gmake[1]: Leaving directory '/home/hintik/dev/KIV-RTOS-master/sources/userspace/build/CMakeFiles/CMakeTmp']
  ignore line: []
  ignore line: []
  implicit libs: []
  implicit dirs: []
  implicit fwks: []


